[04/04/22 15:55:24] crowsnest: crowsnest - A webcam Service for multiple Cams and Stream Services.
[04/04/22 15:55:24] crowsnest: Version: v3.0.3
[04/04/22 15:55:24] crowsnest: Prepare Startup ...
[04/04/22 15:55:24] crowsnest: INFO: Host information:
[04/04/22 15:55:24] crowsnest: Host Info: Distribution: Raspbian GNU/Linux 10 (buster)
[04/04/22 15:55:24] crowsnest: Host Info: Release: MainsailOS release 0.7.1 (buster)
[04/04/22 15:55:24] crowsnest: Host Info: Kernel: Linux 5.10.103-v7l+ armv7l
[04/04/22 15:55:24] crowsnest: Host Info: Model: Raspberry Pi 400 Rev 1.1
[04/04/22 15:55:24] crowsnest: Host Info: Available CPU Cores: 4
[04/04/22 15:55:24] crowsnest: Host Info: Available Memory: 3748168 kB
[04/04/22 15:55:24] crowsnest: Host Info: Diskspace (avail. / total): 3.1G / 7.2G
[04/04/22 15:55:24] crowsnest: INFO: Checking Dependencys
[04/04/22 15:55:25] crowsnest: Dependency: 'crudini' found in /usr/bin/crudini.
[04/04/22 15:55:25] crowsnest: Dependency: 'find' found in /usr/bin/find.
[04/04/22 15:55:25] crowsnest: Dependency: 'logger' found in /usr/bin/logger.
[04/04/22 15:55:25] crowsnest: Dependency: 'xargs' found in /usr/bin/xargs.
[04/04/22 15:55:25] crowsnest: Dependency: 'ffmpeg' found in /usr/bin/ffmpeg.
[04/04/22 15:55:25] crowsnest: Dependency: 'ustreamer' found in bin/ustreamer/ustreamer.
[04/04/22 15:55:25] crowsnest: Dependency: 'rtsp-simple-server' found in bin/rtsp-simple-server/rtsp-simple-server.
[04/04/22 15:55:26] crowsnest: Version Control: ustreamer is up to date. (v4.13)
[04/04/22 15:55:28] crowsnest: Version Control: rtsp-simple-server is up to date. (v0.19.1)
[10/28/22 17:39:02] crowsnest: Version Control: ffmpeg is up to date. (4.1.9-0+deb10u1+rpt1)
[10/28/22 17:39:02] crowsnest: INFO: Print Configfile: '/home/pi/klipper_config/crowsnest.conf'
[10/28/22 17:39:02] crowsnest: 		[crowsnest]
[10/28/22 17:39:02] crowsnest: 		log_path: ~/klipper_logs/crowsnest.log
[10/28/22 17:39:02] crowsnest: 		log_level: verbose
[10/28/22 17:39:02] crowsnest: 		delete_log: false
[10/28/22 17:39:02] crowsnest: 		
[10/28/22 17:39:02] crowsnest: 		[cam 1]
[10/28/22 17:39:02] crowsnest: 		mode: mjpg
[10/28/22 17:39:02] crowsnest: 		port: 8080
[10/28/22 17:39:02] crowsnest: 		device: /dev/video0
[10/28/22 17:39:02] crowsnest: 		resolution: 640x480
[10/28/22 17:39:02] crowsnest: 		max_fps: 15
[10/28/22 17:39:02] crowsnest: INFO: Detect available Devices
[10/28/22 17:39:02] crowsnest: INFO: Found 1 total available Device(s)
[10/28/22 17:39:02] crowsnest: INFO: Found 1 available camera(s)
[10/28/22 17:39:02] crowsnest: /dev/v4l/by-id/usb-GENERAL_GENERAL_WEBCAM_JH0918_20210304_v012-video-index0 -> /dev/video0
[10/28/22 17:39:04] crowsnest: Supported Formats:
[10/28/22 17:39:04] crowsnest: 		[0]: 'MJPG' (Motion-JPEG, compressed)
[10/28/22 17:39:04] crowsnest: 		Size: Discrete 1920x1080
[10/28/22 17:39:04] crowsnest: 		Interval: Discrete 0.033s (30.000 fps)
[10/28/22 17:39:04] crowsnest: 		Interval: Discrete 0.033s (30.000 fps)
[10/28/22 17:39:04] crowsnest: 		Size: Discrete 1280x720
[10/28/22 17:39:04] crowsnest: 		Interval: Discrete 0.033s (30.000 fps)
[10/28/22 17:39:04] crowsnest: 		Interval: Discrete 0.033s (30.000 fps)
[10/28/22 17:39:04] crowsnest: 		Interval: Discrete 0.033s (30.000 fps)
[10/28/22 17:39:04] crowsnest: 		Interval: Discrete 0.033s (30.000 fps)
[10/28/22 17:39:04] crowsnest: 		Size: Discrete 640x480
[10/28/22 17:39:04] crowsnest: 		Interval: Discrete 0.033s (30.000 fps)
[10/28/22 17:39:04] crowsnest: 		Size: Discrete 1920x1080
[10/28/22 17:39:04] crowsnest: 		Interval: Discrete 0.033s (30.000 fps)
[10/28/22 17:39:04] crowsnest: 		Interval: Discrete 0.033s (30.000 fps)
[10/28/22 17:39:04] crowsnest: 		Size: Discrete 1280x720
[10/28/22 17:39:04] crowsnest: 		Interval: Discrete 0.033s (30.000 fps)
[10/28/22 17:39:04] crowsnest: 		Interval: Discrete 0.033s (30.000 fps)
[10/28/22 17:39:04] crowsnest: 		Interval: Discrete 0.033s (30.000 fps)
[10/28/22 17:39:04] crowsnest: 		Interval: Discrete 0.033s (30.000 fps)
[10/28/22 17:39:04] crowsnest: 		[1]: 'YUYV' (YUYV 4:2:2)
[10/28/22 17:39:04] crowsnest: 		Size: Discrete 640x480
[10/28/22 17:39:04] crowsnest: 		Interval: Discrete 0.033s (30.000 fps)
[10/28/22 17:39:04] crowsnest: 		Size: Discrete 640x360
[10/28/22 17:39:05] crowsnest: 		Interval: Discrete 0.033s (30.000 fps)
[10/28/22 17:39:05] crowsnest: 		Size: Discrete 480x270
[10/28/22 17:39:05] crowsnest: 		Interval: Discrete 0.033s (30.000 fps)
[10/28/22 17:39:05] crowsnest: 		Size: Discrete 320x240
[10/28/22 17:39:05] crowsnest: 		Interval: Discrete 0.033s (30.000 fps)
[10/28/22 17:39:05] crowsnest: 		Size: Discrete 176x144
[10/28/22 17:39:05] crowsnest: 		Interval: Discrete 0.033s (30.000 fps)
[10/28/22 17:39:05] crowsnest: Supported Controls:
[10/28/22 17:39:05] crowsnest: 		brightness 0x00980900 (int) : min=1 max=255 step=1 default=16 value=16
[10/28/22 17:39:05] crowsnest: INFO: No usable CSI Devices found.
[10/28/22 17:39:05] crowsnest: V4L2 Control:
[10/28/22 17:39:05] crowsnest: No parameters set for [cam 1]. Skipped.
[10/28/22 17:39:05] crowsnest: Try to start configured Cams / Services...
[10/28/22 17:39:06] crowsnest: INFO: Configuration of Section [cam 1] looks good. Continue...
[10/28/22 17:39:06] crowsnest: Starting ustreamer with Device /dev/video0 ...
[10/28/22 17:39:08] crowsnest: ... Done!
[10/28/22 17:46:51] crowsnest: Shutdown or Killed by User!
[10/28/22 17:46:51] crowsnest: Please come again :)
[10/28/22 17:46:51] crowsnest: Goodbye...
[10/28/22 17:46:51] crowsnest: crowsnest - A webcam Service for multiple Cams and Stream Services.
[10/28/22 17:46:51] crowsnest: Version: v3.0.3-1-gee59a12
[10/28/22 17:46:52] crowsnest: Prepare Startup ...
[10/28/22 17:46:52] crowsnest: INFO: Host information:
[10/28/22 17:46:52] crowsnest: Host Info: Distribution: Raspbian GNU/Linux 10 (buster)
[10/28/22 17:46:52] crowsnest: Host Info: Release: MainsailOS release 0.7.1 (buster)
[10/28/22 17:46:52] crowsnest: Host Info: Kernel: Linux 5.10.103-v7l+ armv7l
[10/28/22 17:46:52] crowsnest: Host Info: Model: Raspberry Pi 400 Rev 1.1
[10/28/22 17:46:52] crowsnest: Host Info: Available CPU Cores: 4
[10/28/22 17:46:52] crowsnest: Host Info: Available Memory: 3748168 kB
[10/28/22 17:46:52] crowsnest: Host Info: Diskspace (avail. / total): 3.0G / 7.2G
[10/28/22 17:46:52] crowsnest: INFO: Checking Dependencys
[10/28/22 17:46:52] crowsnest: Dependency: 'crudini' found in /usr/bin/crudini.
[10/28/22 17:46:52] crowsnest: Dependency: 'find' found in /usr/bin/find.
[10/28/22 17:46:52] crowsnest: Dependency: 'logger' found in /usr/bin/logger.
[10/28/22 17:46:52] crowsnest: Dependency: 'xargs' found in /usr/bin/xargs.
[10/28/22 17:46:52] crowsnest: Dependency: 'ffmpeg' found in /usr/bin/ffmpeg.
[10/28/22 17:46:52] crowsnest: Dependency: 'ustreamer' found in bin/ustreamer/ustreamer.
[10/28/22 17:46:52] crowsnest: Dependency: 'rtsp-simple-server' found in bin/rtsp-simple-server/rtsp-simple-server.
[10/28/22 17:46:52] crowsnest: Version Control: ustreamer is up to date. (v4.13)
[10/28/22 17:46:52] crowsnest: Version Control: rtsp-simple-server is up to date. (v0.19.1)
[10/28/22 17:46:53] crowsnest: Version Control: ffmpeg is up to date. (4.1.9-0+deb10u1+rpt1)
[10/28/22 17:46:53] crowsnest: INFO: Print Configfile: '/home/pi/klipper_config/crowsnest.conf'
[10/28/22 17:46:53] crowsnest: 		[crowsnest]
[10/28/22 17:46:53] crowsnest: 		log_path: ~/klipper_logs/crowsnest.log
[10/28/22 17:46:53] crowsnest: 		log_level: verbose
[10/28/22 17:46:53] crowsnest: 		delete_log: false
[10/28/22 17:46:53] crowsnest: 		
[10/28/22 17:46:53] crowsnest: 		[cam 1]
[10/28/22 17:46:53] crowsnest: 		mode: mjpg
[10/28/22 17:46:53] crowsnest: 		port: 8080
[10/28/22 17:46:53] crowsnest: 		device: /dev/video0
[10/28/22 17:46:53] crowsnest: 		resolution: 640x480
[10/28/22 17:46:53] crowsnest: 		max_fps: 15
[10/28/22 17:46:53] crowsnest: INFO: Detect available Devices
[10/28/22 17:46:53] crowsnest: INFO: Found 1 total available Device(s)
[10/28/22 17:46:53] crowsnest: INFO: Found 1 available camera(s)
[10/28/22 17:46:53] crowsnest: /dev/v4l/by-id/usb-GENERAL_GENERAL_WEBCAM_JH0918_20210304_v012-video-index0 -> /dev/video0
[10/28/22 17:46:53] crowsnest: Supported Formats:
[10/28/22 17:46:53] crowsnest: 		[0]: 'MJPG' (Motion-JPEG, compressed)
[10/28/22 17:46:53] crowsnest: 		Size: Discrete 1920x1080
[10/28/22 17:46:53] crowsnest: 		Interval: Discrete 0.033s (30.000 fps)
[10/28/22 17:46:53] crowsnest: 		Interval: Discrete 0.033s (30.000 fps)
[10/28/22 17:46:53] crowsnest: 		Size: Discrete 1280x720
[10/28/22 17:46:53] crowsnest: 		Interval: Discrete 0.033s (30.000 fps)
[10/28/22 17:46:53] crowsnest: 		Interval: Discrete 0.033s (30.000 fps)
[10/28/22 17:46:53] crowsnest: 		Interval: Discrete 0.033s (30.000 fps)
[10/28/22 17:46:53] crowsnest: 		Interval: Discrete 0.033s (30.000 fps)
[10/28/22 17:46:53] crowsnest: 		Size: Discrete 640x480
[10/28/22 17:46:53] crowsnest: 		Interval: Discrete 0.033s (30.000 fps)
[10/28/22 17:46:53] crowsnest: 		Size: Discrete 1920x1080
[10/28/22 17:46:53] crowsnest: 		Interval: Discrete 0.033s (30.000 fps)
[10/28/22 17:46:53] crowsnest: 		Interval: Discrete 0.033s (30.000 fps)
[10/28/22 17:46:53] crowsnest: 		Size: Discrete 1280x720
[10/28/22 17:46:53] crowsnest: 		Interval: Discrete 0.033s (30.000 fps)
[10/28/22 17:46:54] crowsnest: 		Interval: Discrete 0.033s (30.000 fps)
[10/28/22 17:46:54] crowsnest: 		Interval: Discrete 0.033s (30.000 fps)
[10/28/22 17:46:54] crowsnest: 		Interval: Discrete 0.033s (30.000 fps)
[10/28/22 17:46:54] crowsnest: 		[1]: 'YUYV' (YUYV 4:2:2)
[10/28/22 17:46:54] crowsnest: 		Size: Discrete 640x480
[10/28/22 17:46:54] crowsnest: 		Interval: Discrete 0.033s (30.000 fps)
[10/28/22 17:46:54] crowsnest: 		Size: Discrete 640x360
[10/28/22 17:46:54] crowsnest: 		Interval: Discrete 0.033s (30.000 fps)
[10/28/22 17:46:54] crowsnest: 		Size: Discrete 480x270
[10/28/22 17:46:54] crowsnest: 		Interval: Discrete 0.033s (30.000 fps)
[10/28/22 17:46:54] crowsnest: 		Size: Discrete 320x240
[10/28/22 17:46:54] crowsnest: 		Interval: Discrete 0.033s (30.000 fps)
[10/28/22 17:46:54] crowsnest: 		Size: Discrete 176x144
[10/28/22 17:46:54] crowsnest: 		Interval: Discrete 0.033s (30.000 fps)
[10/28/22 17:46:54] crowsnest: Supported Controls:
[10/28/22 17:46:54] crowsnest: 		brightness 0x00980900 (int) : min=1 max=255 step=1 default=16 value=16
[10/28/22 17:46:54] crowsnest: INFO: No usable CSI Devices found.
[10/28/22 17:46:54] crowsnest: V4L2 Control:
[10/28/22 17:46:54] crowsnest: No parameters set for [cam 1]. Skipped.
[10/28/22 17:46:55] crowsnest: Try to start configured Cams / Services...
[10/28/22 17:46:55] crowsnest: INFO: Configuration of Section [cam 1] looks good. Continue...
[10/28/22 17:46:55] crowsnest: Starting ustreamer with Device /dev/video0 ...
[10/28/22 17:46:57] crowsnest: ... Done!
[10/29/22 08:50:45] crowsnest: WATCHDOG: Lost Device: '/dev/video0'
[10/29/22 08:52:46] crowsnest: WATCHDOG: Device '/dev/video0' returned.
[10/29/22 09:04:48] crowsnest: Shutdown or Killed by User!
[10/29/22 09:04:48] crowsnest: Please come again :)
[10/29/22 09:04:49] crowsnest: Goodbye...
[10/29/22 09:05:23] crowsnest: crowsnest - A webcam Service for multiple Cams and Stream Services.
[10/29/22 09:05:23] crowsnest: Version: v3.0.3-1-gee59a12
[10/29/22 09:05:23] crowsnest: Prepare Startup ...
[10/29/22 09:05:23] crowsnest: INFO: Host information:
[10/29/22 09:05:23] crowsnest: Host Info: Distribution: Raspbian GNU/Linux 10 (buster)
[10/29/22 09:05:23] crowsnest: Host Info: Release: MainsailOS release 0.7.1 (buster)
[10/29/22 09:05:23] crowsnest: Host Info: Kernel: Linux 5.10.103-v7l+ armv7l
[10/29/22 09:05:23] crowsnest: Host Info: Model: Raspberry Pi 400 Rev 1.1
[10/29/22 09:05:23] crowsnest: Host Info: Available CPU Cores: 4
[10/29/22 09:05:23] crowsnest: Host Info: Available Memory: 3748168 kB
[10/29/22 09:05:23] crowsnest: Host Info: Diskspace (avail. / total): 3.0G / 7.2G
[10/29/22 09:05:23] crowsnest: INFO: Checking Dependencys
[10/29/22 09:05:23] crowsnest: Dependency: 'crudini' found in /usr/bin/crudini.
[10/29/22 09:05:23] crowsnest: Dependency: 'find' found in /usr/bin/find.
[10/29/22 09:05:23] crowsnest: Dependency: 'logger' found in /usr/bin/logger.
[10/29/22 09:05:23] crowsnest: Dependency: 'xargs' found in /usr/bin/xargs.
[10/29/22 09:05:24] crowsnest: Dependency: 'ffmpeg' found in /usr/bin/ffmpeg.
[10/29/22 09:05:24] crowsnest: Dependency: 'ustreamer' found in bin/ustreamer/ustreamer.
[10/29/22 09:05:24] crowsnest: Dependency: 'rtsp-simple-server' found in bin/rtsp-simple-server/rtsp-simple-server.
[10/29/22 09:05:26] crowsnest: Version Control: ustreamer is up to date. (v4.13)
[10/29/22 09:05:27] crowsnest: Version Control: rtsp-simple-server is up to date. (v0.19.1)
[10/29/22 09:05:59] crowsnest: Version Control: ffmpeg is up to date. (4.1.9-0+deb10u1+rpt1)
[10/29/22 09:05:59] crowsnest: INFO: Print Configfile: '/home/pi/klipper_config/crowsnest.conf'
[10/29/22 09:05:59] crowsnest: 		[crowsnest]
[10/29/22 09:05:59] crowsnest: 		log_path: ~/klipper_logs/crowsnest.log
[10/29/22 09:05:59] crowsnest: 		log_level: verbose
[10/29/22 09:05:59] crowsnest: 		delete_log: false
[10/29/22 09:05:59] crowsnest: 		
[10/29/22 09:05:59] crowsnest: 		[cam 1]
[10/29/22 09:05:59] crowsnest: 		mode: mjpg
[10/29/22 09:05:59] crowsnest: 		port: 8080
[10/29/22 09:05:59] crowsnest: 		device: /dev/video0
[10/29/22 09:05:59] crowsnest: 		resolution: 640x480
[10/29/22 09:05:59] crowsnest: 		max_fps: 15
[10/29/22 09:05:59] crowsnest: INFO: Detect available Devices
[10/29/22 09:05:59] crowsnest: INFO: Found 1 total available Device(s)
[10/29/22 09:05:59] crowsnest: INFO: Found 1 available camera(s)
[10/29/22 09:05:59] crowsnest: /dev/v4l/by-id/usb-GENERAL_GENERAL_WEBCAM_JH0918_20210304_v012-video-index0 -> /dev/video0
[10/29/22 09:06:00] crowsnest: Supported Formats:
[10/29/22 09:06:00] crowsnest: 		[0]: 'MJPG' (Motion-JPEG, compressed)
[10/29/22 09:06:00] crowsnest: 		Size: Discrete 1920x1080
[10/29/22 09:06:00] crowsnest: 		Interval: Discrete 0.033s (30.000 fps)
[10/29/22 09:06:00] crowsnest: 		Interval: Discrete 0.033s (30.000 fps)
[10/29/22 09:06:00] crowsnest: 		Size: Discrete 1280x720
[10/29/22 09:06:00] crowsnest: 		Interval: Discrete 0.033s (30.000 fps)
[10/29/22 09:06:00] crowsnest: 		Interval: Discrete 0.033s (30.000 fps)
[10/29/22 09:06:00] crowsnest: 		Interval: Discrete 0.033s (30.000 fps)
[10/29/22 09:06:00] crowsnest: 		Interval: Discrete 0.033s (30.000 fps)
[10/29/22 09:06:00] crowsnest: 		Size: Discrete 640x480
[10/29/22 09:06:00] crowsnest: 		Interval: Discrete 0.033s (30.000 fps)
[10/29/22 09:06:00] crowsnest: 		Size: Discrete 1920x1080
[10/29/22 09:06:00] crowsnest: 		Interval: Discrete 0.033s (30.000 fps)
[10/29/22 09:06:00] crowsnest: 		Interval: Discrete 0.033s (30.000 fps)
[10/29/22 09:06:00] crowsnest: 		Size: Discrete 1280x720
[10/29/22 09:06:00] crowsnest: 		Interval: Discrete 0.033s (30.000 fps)
[10/29/22 09:06:00] crowsnest: 		Interval: Discrete 0.033s (30.000 fps)
[10/29/22 09:06:00] crowsnest: 		Interval: Discrete 0.033s (30.000 fps)
[10/29/22 09:06:00] crowsnest: 		Interval: Discrete 0.033s (30.000 fps)
[10/29/22 09:06:00] crowsnest: 		[1]: 'YUYV' (YUYV 4:2:2)
[10/29/22 09:06:00] crowsnest: 		Size: Discrete 640x480
[10/29/22 09:06:00] crowsnest: 		Interval: Discrete 0.033s (30.000 fps)
[10/29/22 09:06:00] crowsnest: 		Size: Discrete 640x360
[10/29/22 09:06:00] crowsnest: 		Interval: Discrete 0.033s (30.000 fps)
[10/29/22 09:06:00] crowsnest: 		Size: Discrete 480x270
[10/29/22 09:06:00] crowsnest: 		Interval: Discrete 0.033s (30.000 fps)
[10/29/22 09:06:00] crowsnest: 		Size: Discrete 320x240
[10/29/22 09:06:00] crowsnest: 		Interval: Discrete 0.033s (30.000 fps)
[10/29/22 09:06:00] crowsnest: 		Size: Discrete 176x144
[10/29/22 09:06:00] crowsnest: 		Interval: Discrete 0.033s (30.000 fps)
[10/29/22 09:06:00] crowsnest: Supported Controls:
[10/29/22 09:06:00] crowsnest: 		brightness 0x00980900 (int) : min=1 max=255 step=1 default=16 value=16
[10/29/22 09:06:00] crowsnest: INFO: No usable CSI Devices found.
[10/29/22 09:06:00] crowsnest: V4L2 Control:
[10/29/22 09:06:00] crowsnest: No parameters set for [cam 1]. Skipped.
[10/29/22 09:06:01] crowsnest: Try to start configured Cams / Services...
[10/29/22 09:06:01] crowsnest: INFO: Configuration of Section [cam 1] looks good. Continue...
[10/29/22 09:06:02] crowsnest: Starting ustreamer with Device /dev/video0 ...
[10/29/22 09:06:03] crowsnest: ... Done!
[10/29/22 09:16:08] crowsnest: crowsnest - A webcam Service for multiple Cams and Stream Services.
[10/29/22 09:16:08] crowsnest: Version: v3.0.3-1-gee59a12
[10/29/22 09:16:08] crowsnest: Prepare Startup ...
[10/29/22 09:16:08] crowsnest: INFO: Host information:
[10/29/22 09:16:08] crowsnest: Host Info: Distribution: Raspbian GNU/Linux 10 (buster)
[10/29/22 09:16:09] crowsnest: Host Info: Release: MainsailOS release 0.7.1 (buster)
[10/29/22 09:16:09] crowsnest: Host Info: Kernel: Linux 5.10.103-v7l+ armv7l
[10/29/22 09:16:09] crowsnest: Host Info: Model: Raspberry Pi 400 Rev 1.1
[10/29/22 09:16:09] crowsnest: Host Info: Available CPU Cores: 4
[10/29/22 09:16:09] crowsnest: Host Info: Available Memory: 3748168 kB
[10/29/22 09:16:09] crowsnest: Host Info: Diskspace (avail. / total): 3.0G / 7.2G
[10/29/22 09:16:09] crowsnest: INFO: Checking Dependencys
[10/29/22 09:16:09] crowsnest: Dependency: 'crudini' found in /usr/bin/crudini.
[10/29/22 09:16:09] crowsnest: Dependency: 'find' found in /usr/bin/find.
[10/29/22 09:16:09] crowsnest: Dependency: 'logger' found in /usr/bin/logger.
[10/29/22 09:16:09] crowsnest: Dependency: 'xargs' found in /usr/bin/xargs.
[10/29/22 09:16:09] crowsnest: Dependency: 'ffmpeg' found in /usr/bin/ffmpeg.
[10/29/22 09:16:09] crowsnest: Dependency: 'ustreamer' found in bin/ustreamer/ustreamer.
[10/29/22 09:16:09] crowsnest: Dependency: 'rtsp-simple-server' found in bin/rtsp-simple-server/rtsp-simple-server.
[10/29/22 09:16:12] crowsnest: Version Control: ustreamer is up to date. (v4.13)
[10/29/22 09:16:12] crowsnest: Version Control: rtsp-simple-server is up to date. (v0.19.1)
[10/29/22 09:16:15] crowsnest: Version Control: ffmpeg is up to date. (4.1.9-0+deb10u1+rpt1)
[10/29/22 09:16:15] crowsnest: INFO: Print Configfile: '/home/pi/klipper_config/crowsnest.conf'
[10/29/22 09:16:15] crowsnest: 		[crowsnest]
[10/29/22 09:16:15] crowsnest: 		log_path: ~/klipper_logs/crowsnest.log
[10/29/22 09:16:15] crowsnest: 		log_level: verbose
[10/29/22 09:16:15] crowsnest: 		delete_log: false
[10/29/22 09:16:15] crowsnest: 		
[10/29/22 09:16:15] crowsnest: 		[cam 1]
[10/29/22 09:16:15] crowsnest: 		mode: mjpg
[10/29/22 09:16:15] crowsnest: 		port: 8080
[10/29/22 09:16:15] crowsnest: 		device: /dev/video0
[10/29/22 09:16:15] crowsnest: 		resolution: 640x480
[10/29/22 09:16:15] crowsnest: 		max_fps: 15
[10/29/22 09:16:15] crowsnest: INFO: Detect available Devices
[10/29/22 09:16:15] crowsnest: INFO: Found 1 total available Device(s)
[10/29/22 09:16:15] crowsnest: INFO: Found 1 available camera(s)
[10/29/22 09:16:15] crowsnest: /dev/v4l/by-id/usb-GENERAL_GENERAL_WEBCAM_JH0918_20210304_v012-video-index0 -> /dev/video0
[10/29/22 09:16:15] crowsnest: Supported Formats:
[10/29/22 09:16:15] crowsnest: 		[0]: 'MJPG' (Motion-JPEG, compressed)
[10/29/22 09:16:15] crowsnest: 		Size: Discrete 1920x1080
[10/29/22 09:16:15] crowsnest: 		Interval: Discrete 0.033s (30.000 fps)
[10/29/22 09:16:15] crowsnest: 		Interval: Discrete 0.033s (30.000 fps)
[10/29/22 09:16:16] crowsnest: 		Size: Discrete 1280x720
[10/29/22 09:16:16] crowsnest: 		Interval: Discrete 0.033s (30.000 fps)
[10/29/22 09:16:16] crowsnest: 		Interval: Discrete 0.033s (30.000 fps)
[10/29/22 09:16:16] crowsnest: 		Interval: Discrete 0.033s (30.000 fps)
[10/29/22 09:16:16] crowsnest: 		Interval: Discrete 0.033s (30.000 fps)
[10/29/22 09:16:16] crowsnest: 		Size: Discrete 640x480
[10/29/22 09:16:16] crowsnest: 		Interval: Discrete 0.033s (30.000 fps)
[10/29/22 09:16:16] crowsnest: 		Size: Discrete 1920x1080
[10/29/22 09:16:16] crowsnest: 		Interval: Discrete 0.033s (30.000 fps)
[10/29/22 09:16:16] crowsnest: 		Interval: Discrete 0.033s (30.000 fps)
[10/29/22 09:16:16] crowsnest: 		Size: Discrete 1280x720
[10/29/22 09:16:16] crowsnest: 		Interval: Discrete 0.033s (30.000 fps)
[10/29/22 09:16:16] crowsnest: 		Interval: Discrete 0.033s (30.000 fps)
[10/29/22 09:16:16] crowsnest: 		Interval: Discrete 0.033s (30.000 fps)
[10/29/22 09:16:16] crowsnest: 		Interval: Discrete 0.033s (30.000 fps)
[10/29/22 09:16:16] crowsnest: 		[1]: 'YUYV' (YUYV 4:2:2)
[10/29/22 09:16:16] crowsnest: 		Size: Discrete 640x480
[10/29/22 09:16:16] crowsnest: 		Interval: Discrete 0.033s (30.000 fps)
[10/29/22 09:16:16] crowsnest: 		Size: Discrete 640x360
[10/29/22 09:16:16] crowsnest: 		Interval: Discrete 0.033s (30.000 fps)
[10/29/22 09:16:16] crowsnest: 		Size: Discrete 480x270
[10/29/22 09:16:16] crowsnest: 		Interval: Discrete 0.033s (30.000 fps)
[10/29/22 09:16:16] crowsnest: 		Size: Discrete 320x240
[10/29/22 09:16:16] crowsnest: 		Interval: Discrete 0.033s (30.000 fps)
[10/29/22 09:16:16] crowsnest: 		Size: Discrete 176x144
[10/29/22 09:16:16] crowsnest: 		Interval: Discrete 0.033s (30.000 fps)
[10/29/22 09:16:16] crowsnest: Supported Controls:
[10/29/22 09:16:16] crowsnest: 		brightness 0x00980900 (int) : min=1 max=255 step=1 default=16 value=16
[10/29/22 09:16:16] crowsnest: INFO: No usable CSI Devices found.
[10/29/22 09:16:16] crowsnest: V4L2 Control:
[10/29/22 09:16:16] crowsnest: No parameters set for [cam 1]. Skipped.
[10/29/22 09:16:17] crowsnest: Try to start configured Cams / Services...
[10/29/22 09:16:17] crowsnest: INFO: Configuration of Section [cam 1] looks good. Continue...
[10/29/22 09:16:45] crowsnest: Starting ustreamer with Device /dev/video0 ...
[10/29/22 09:16:47] crowsnest: ... Done!
[10/29/22 10:36:57] crowsnest: WATCHDOG: Lost Device: '/dev/video0'
[10/29/22 10:40:57] crowsnest: WATCHDOG: Device '/dev/video0' returned.
